<?xml version="1.0" encoding="UTF-8"?>
<testsuite name="com.example.demo.MoodAnalyserTest" tests="1" skipped="0" failures="0" errors="0" timestamp="2022-11-10T03:29:03" hostname="workstation" time="0.012">
  <properties/>
  <testcase name="HappyMoods()" classname="com.example.demo.MoodAnalyserTest" time="0.012"/>
  <system-out><![CDATA[]]></system-out>
  <system-err><![CDATA[]]></system-err>
</testsuite>
